<?xml version="1.0" encoding="UTF-8"?>
<!-- Generated by org.testng.reporters.JUnitReportReporter -->
<testsuite hostname="DESKTOP-66CQ6OQ" failures="0" tests="3" name="SeleniumGrid.CrossBrowserTest" time="322.258" errors="0" timestamp="2024-04-04T17:24:37 IST" skipped="0">
  <testcase classname="SeleniumGrid.CrossBrowserTest" name="broweserTest" time="71.603"/>
  <system-out>
    <![CDATA[Test executing on Chrome!!
Driver session established with server!!
Test executing for Amazon application!!
Test executing on Chrome Completed!!
Test executing on Edge Completed!!
Test executing on Firefox Completed!!]]>
  </system-out>
  <testcase classname="SeleniumGrid.CrossBrowserTest" name="broweserTest" time="119.418"/>
  <system-out>
    <![CDATA[Test executing on Chrome!!
Driver session established with server!!
Test executing for Amazon application!!
Test executing on Chrome Completed!!
Test executing on Edge Completed!!
Test executing on Firefox Completed!!]]>
  </system-out>
  <testcase classname="SeleniumGrid.CrossBrowserTest" name="broweserTest" time="131.237"/>
  <system-out>
    <![CDATA[Test executing on Chrome!!
Driver session established with server!!
Test executing for Amazon application!!
Test executing on Chrome Completed!!
Test executing on Edge Completed!!
Test executing on Firefox Completed!!]]>
  </system-out>
</testsuite> <!-- SeleniumGrid.CrossBrowserTest -->
