<?xml version="1.0" encoding="UTF-8"?>
<!-- Generated by org.testng.reporters.JUnitReportReporter -->
<testsuite hostname="DESKTOP-66CQ6OQ" failures="0" tests="1" name="com.CRM.TestCases.LoginpageTest" time="1.442" errors="0" timestamp="2024-04-03T01:56:55 IST" skipped="0">
  <testcase classname="com.CRM.TestCases.LoginpageTest" name="verifyLogin" time="1.442"/>
  <system-out/>
</testsuite> <!-- com.CRM.TestCases.LoginpageTest -->
